\BOOKMARK [1][-]{section*.3}{\376\377\004\022\004\062\004\065\004\064\004\065\004\075\004\070\004\065}{}% 1
\BOOKMARK [1][-]{section.1}{\376\377\004\020\004\075\004\060\004\073\004\070\004\102\004\070\004\107\004\065\004\101\004\072\004\070\004\071\000\040\004\100\004\060\004\067\004\064\004\065\004\073}{}% 2
\BOOKMARK [2][-]{subsection.1.1}{\376\377\004\044\004\070\004\067\004\070\004\107\004\065\004\101\004\072\004\070\004\065\000\040\004\117\004\062\004\073\004\065\004\075\004\070\004\117}{section.1}% 3
\BOOKMARK [3][-]{section*.4}{\376\377\004\037\004\100\004\065\004\073\004\076\004\074\004\073\004\065\004\075\004\070\004\065\000\040\004\101\004\062\004\065\004\102\004\060}{subsection.1.1}% 4
\BOOKMARK [3][-]{section*.7}{\376\377\004\037\004\076\004\063\004\073\004\076\004\111\004\065\004\075\004\070\004\065\000\040\004\101\004\062\004\065\004\102\004\060}{subsection.1.1}% 5
\BOOKMARK [2][-]{subsection.1.2}{\376\377\004\020\004\073\004\063\004\076\004\100\004\070\004\102\004\074\004\113\000\040\004\103\004\064\004\060\004\073\004\065\004\075\004\070\004\117\000\040\004\075\004\065\004\062\004\070\004\064\004\070\004\074\004\113\004\105\000\040\004\077\004\076\004\062\004\065\004\100\004\105\004\075\004\076\004\101\004\102\004\065\004\071}{section.1}% 6
\BOOKMARK [3][-]{section*.8}{\376\377\004\020\004\073\004\063\004\076\004\100\004\070\004\102\004\074\000\040\004\040\004\076\004\061\004\065\004\100\004\102\004\101\004\060}{subsection.1.2}% 7
\BOOKMARK [3][-]{section*.9}{\376\377\004\020\004\073\004\063\004\076\004\100\004\070\004\102\004\074\000\040\004\022\004\060\004\100\004\075\004\076\004\072\004\060}{subsection.1.2}% 8
\BOOKMARK [3][-]{section*.10}{\376\377\004\020\004\073\004\063\004\076\004\100\004\070\004\102\004\074\000\040\004\102\004\100\004\060\004\101\004\101\004\070\004\100\004\076\004\062\004\072\004\070\000\040\004\073\004\103\004\107\004\065\004\071}{subsection.1.2}% 9
\BOOKMARK [3][-]{section*.11}{\376\377\004\020\004\073\004\063\004\076\004\100\004\070\004\102\004\074\000,\000\040\004\070\004\101\004\077\004\076\004\073\004\114\004\067\004\103\004\116\004\111\004\070\004\071\000\040\000z\000-\004\061\004\103\004\104\004\065\004\100}{subsection.1.2}% 10
\BOOKMARK [2][-]{subsection.1.3}{\376\377\004\022\004\113\004\061\004\076\004\100\000\040\004\060\004\073\004\063\004\076\004\100\004\070\004\102\004\074\004\060\000\040\004\103\004\064\004\060\004\073\004\065\004\075\004\070\004\117\000\040\004\075\004\065\004\062\004\070\004\064\004\070\004\074\004\113\004\105\000\040\004\073\004\070\004\075\004\070\004\071\000\040\004\070\000\040\004\077\004\076\004\062\004\065\004\100\004\105\004\075\004\076\004\101\004\102\004\065\004\071}{section.1}% 11
\BOOKMARK [2][-]{subsection.1.4}{\376\377\004\020\004\073\004\063\004\076\004\100\004\070\004\102\004\074\004\113\000\040\004\067\004\060\004\072\004\100\004\060\004\101\004\072\004\070}{section.1}% 12
\BOOKMARK [3][-]{section*.12}{\376\377\004\034\004\076\004\064\004\065\004\073\004\114\000\040\004\076\004\101\004\062\004\065\004\111\004\065\004\075\004\070\004\117\000\040\004\033\004\060\004\074\004\061\004\065\004\100\004\102\004\060}{subsection.1.4}% 13
\BOOKMARK [3][-]{section*.13}{\376\377\004\034\004\076\004\064\004\065\004\073\004\114\000\040\004\076\004\101\004\062\004\065\004\111\004\065\004\075\004\070\004\117\000\040\004\044\004\076\004\075\004\063\004\060}{subsection.1.4}% 14
\BOOKMARK [3][-]{section*.14}{\376\377\004\044\004\076\004\102\004\076\004\075\004\075\004\060\004\117\000\040\004\074\004\076\004\064\004\065\004\073\004\114\000\040\004\076\004\101\004\062\004\065\004\111\004\065\004\075\004\070\004\117}{subsection.1.4}% 15
\BOOKMARK [2][-]{subsection.1.5}{\376\377\004\036\004\061\004\076\004\101\004\075\004\076\004\062\004\060\004\075\004\070\004\065\000\040\004\062\004\113\004\061\004\076\004\100\004\060\000\040\004\060\004\073\004\063\004\076\004\100\004\070\004\102\004\074\004\060}{section.1}% 16
\BOOKMARK [1][-]{section.2}{\376\377\004\032\004\076\004\075\004\101\004\102\004\100\004\103\004\072\004\102\004\076\004\100\004\101\004\072\004\070\004\071\000\040\004\100\004\060\004\067\004\064\004\065\004\073}{}% 17
\BOOKMARK [2][-]{subsection.2.1}{\376\377\004\036\004\061\004\111\004\070\004\071\000\040\004\060\004\073\004\063\004\076\004\100\004\070\004\102\004\074\000\040\004\100\004\060\004\061\004\076\004\102\004\113\000\040\004\077\004\100\004\076\004\063\004\100\004\060\004\074\004\074\004\113}{section.2}% 18
\BOOKMARK [2][-]{subsection.2.2}{\376\377\004\037\004\076\004\064\004\100\004\076\004\061\004\075\004\113\004\071\000\040\004\060\004\073\004\063\004\076\004\100\004\070\004\102\004\074\000\040\004\100\004\060\004\061\004\076\004\102\004\113\000\040\004\077\004\100\004\076\004\063\004\100\004\060\004\074\004\074\004\113}{section.2}% 19
\BOOKMARK [3][-]{section*.16}{\376\377\004\022\004\113\004\107\004\070\004\101\004\073\004\065\004\075\004\070\004\065\000\040\004\062\004\065\004\072\004\102\004\076\004\100\004\076\004\062\000\040\004\072\004\060\004\074\004\065\004\100\004\060\000-\004\077\004\070\004\072\004\101\004\065\004\073\004\114}{subsection.2.2}% 20
\BOOKMARK [3][-]{section*.18}{\376\377\004\037\004\076\004\070\004\101\004\072\000\040\004\062\004\101\004\065\004\105\000\040\004\077\004\065\004\100\004\065\004\101\004\065\004\107\004\065\004\075\004\070\004\071}{subsection.2.2}% 21
\BOOKMARK [3][-]{section*.19}{\376\377\004\022\004\113\004\107\004\070\004\101\004\073\004\065\004\075\004\070\004\065\000\040\004\061\004\073\004\070\004\066\004\060\004\071\004\110\004\065\004\063\004\076\000\040\004\077\004\065\004\100\004\065\004\101\004\065\004\107\004\065\004\075\004\070\004\117}{subsection.2.2}% 22
\BOOKMARK [3][-]{section*.20}{\376\377\004\022\004\113\004\107\004\070\004\101\004\073\004\065\004\075\004\070\004\065\000\040\004\077\004\100\004\065\004\073\004\076\004\074\004\073\004\121\004\075\004\075\004\076\004\063\004\076\000\040\004\073\004\103\004\107\004\060}{subsection.2.2}% 23
\BOOKMARK [3][-]{section*.21}{\376\377\004\022\004\113\004\107\004\070\004\101\004\073\004\065\004\075\004\070\004\065\000\040\004\070\004\075\004\102\004\065\004\075\004\101\004\070\004\062\004\075\004\076\004\101\004\102\004\070\000\040\004\076\004\101\004\062\004\065\004\111\004\065\004\075\004\070\004\117}{subsection.2.2}% 24
\BOOKMARK [3][-]{section*.22}{\376\377\004\022\004\113\004\107\004\070\004\101\004\073\004\065\004\075\004\070\004\065\000\040\004\100\004\065\004\067\004\103\004\073\004\114\004\102\004\070\004\100\004\103\004\116\004\111\004\065\004\063\004\076\000\040\004\106\004\062\004\065\004\102\004\060}{subsection.2.2}% 25
\BOOKMARK [1][-]{section.3}{\376\377\004\042\004\065\004\105\004\075\004\076\004\073\004\076\004\063\004\070\004\107\004\065\004\101\004\072\004\070\004\071\000\040\004\100\004\060\004\067\004\064\004\065\004\073}{}% 26
\BOOKMARK [2][-]{subsection.3.1}{\376\377\004\022\004\113\004\061\004\076\004\100\000\040\004\070\000\040\004\076\004\061\004\076\004\101\004\075\004\076\004\062\004\060\004\075\004\070\004\065\000\040\004\117\004\067\004\113\004\072\004\060\000\040\004\077\004\100\004\076\004\063\004\100\004\060\004\074\004\074\004\070\004\100\004\076\004\062\004\060\004\075\004\070\004\117}{section.3}% 27
\BOOKMARK [2][-]{subsection.3.2}{\376\377\004\041\004\105\004\065\004\074\004\113\000\040\004\072\004\073\004\060\004\101\004\101\004\076\004\062}{section.3}% 28
\BOOKMARK [3][-]{section*.24}{\376\377\004\036\004\061\004\111\004\060\004\117\000\040\004\101\004\105\004\065\004\074\004\060\000\040\004\072\004\073\004\060\004\101\004\101\004\076\004\062}{subsection.3.2}% 29
\BOOKMARK [3][-]{section*.27}{\376\377\004\035\004\060\004\067\004\075\004\060\004\107\004\065\004\075\004\070\004\065\000\040\004\072\004\073\004\060\004\101\004\101\004\076\004\062}{subsection.3.2}% 30
\BOOKMARK [2][-]{subsection.3.3}{\376\377\004\030\004\075\004\102\004\065\004\100\004\104\004\065\004\071\004\101\000\040\004\077\004\100\004\076\004\063\004\100\004\060\004\074\004\074\004\113}{section.3}% 31
\BOOKMARK [1][-]{section.4}{\376\377\004\030\004\101\004\101\004\073\004\065\004\064\004\076\004\062\004\060\004\102\004\065\004\073\004\114\004\101\004\072\004\070\004\071\000\040\004\100\004\060\004\067\004\064\004\065\004\073}{}% 32
\BOOKMARK [1][-]{section*.31}{\376\377\004\027\004\060\004\072\004\073\004\116\004\107\004\065\004\075\004\070\004\065}{}% 33
\BOOKMARK [1][-]{section*.32}{\376\377\004\041\004\077\004\070\004\101\004\076\004\072\000\040\004\073\004\070\004\102\004\065\004\100\004\060\004\102\004\103\004\100\004\113}{}% 34
